{"level":"info","message":{"_id":"6198ec2ff0c862a7b03cecba","createdAt":"2021-11-20T12:38:07.082Z","updatedAt":"2021-11-20T12:38:07.082Z"},"service":"user-service"}
{"level":"info","message":{"_id":"619ff8fb7fa5446dd635f56f","createdAt":"2021-11-25T20:58:35.493Z","updatedAt":"2021-11-25T20:58:35.493Z"},"service":"project-service"}
{"level":"info","message":{"_id":"619ff9347fa5446dd635f571","createdAt":"2021-11-25T20:59:32.559Z","updatedAt":"2021-11-25T20:59:32.559Z"},"service":"project-service"}
{"level":"info","message":{"_id":"61a943711b44f724fdae791c","createdAt":"2021-12-02T22:06:41.076Z","updatedAt":"2021-12-02T22:06:41.076Z"},"service":"project-service"}
{"level":"info","message":{"_id":"61a943f11b44f724fdae791e","createdAt":"2021-12-02T22:08:49.574Z","updatedAt":"2021-12-02T22:08:49.574Z"},"service":"project-service"}
{"level":"info","message":{"_id":"61a943f51b44f724fdae7920","createdAt":"2021-12-02T22:08:53.164Z","updatedAt":"2021-12-02T22:08:53.164Z"},"service":"project-service"}
{"level":"info","message":{"_id":"61ae7943add9de1a0294a5ab","createdAt":"2021-12-06T20:57:39.802Z","name":"Project 1","updatedAt":"2021-12-06T20:57:39.802Z"},"service":"project-service"}
{"level":"info","message":{"_id":"61ae794aadd9de1a0294a5ad","createdAt":"2021-12-06T20:57:46.452Z","name":"Project 2","updatedAt":"2021-12-06T20:57:46.452Z"},"service":"project-service"}
{"level":"info","message":{"_id":"61ae7956add9de1a0294a5af","createdAt":"2021-12-06T20:57:58.264Z","name":"Project 3","updatedAt":"2021-12-06T20:57:58.264Z"},"service":"project-service"}
{"level":"info","message":{"_id":"61ae7959add9de1a0294a5b1","createdAt":"2021-12-06T20:58:01.905Z","name":"Project 4","updatedAt":"2021-12-06T20:58:01.905Z"},"service":"project-service"}
{"level":"info","message":{"_id":"61ae7bf6bc9f976eb879b191","createdAt":"2021-12-06T21:09:10.917Z","name":"Project 5","updatedAt":"2021-12-06T21:09:10.917Z"},"service":"project-service"}
{"level":"info","message":{"_id":"61ae7c04387e3fa225e38a05","createdAt":"2021-12-06T21:09:24.983Z","name":"Project 6","updatedAt":"2021-12-06T21:09:24.983Z","user_id":"61a68953f9163356a38c61bf"},"service":"project-service"}
{"level":"info","message":{"_id":"61be243f9e63f3fe98419e18","createdAt":"2021-12-18T18:11:11.114Z","name":"Bu bir test section","updatedAt":"2021-12-18T18:11:11.114Z","user_id":"61a68953f9163356a38c61bf"},"service":"project-service"}
{"level":"info","message":{"_id":"61be276db4ad8149e92ece81","createdAt":"2021-12-18T18:24:45.597Z","name":"Bu bir test section","updatedAt":"2021-12-18T18:24:45.597Z","user_id":"61a68953f9163356a38c61bf"},"service":"section-service"}
{"level":"info","message":{"_id":"61be28154e33b249f8302c94","createdAt":"2021-12-18T18:27:33.914Z","name":"Bu bir test section","project_id":"61ae7c04387e3fa225e38a05","updatedAt":"2021-12-18T18:27:33.914Z","user_id":"61a68953f9163356a38c61bf"},"service":"section-service"}
{"level":"info","message":{"_id":"61be43cfb8d211fdfbdb4eb9","createdAt":"2021-12-18T20:25:51.782Z","name":"Vue 3","updatedAt":"2021-12-18T20:25:51.782Z","user_id":"61a68953f9163356a38c61bf"},"service":"project-service"}
{"level":"info","message":{"_id":"61be43d6b8d211fdfbdb4ebb","createdAt":"2021-12-18T20:25:58.934Z","name":"Vue 2","updatedAt":"2021-12-18T20:25:58.934Z","user_id":"61a68953f9163356a38c61bf"},"service":"project-service"}
{"level":"info","message":{"_id":"61be458c1f0da0cba862fb97","createdAt":"2021-12-18T20:33:16.733Z","name":"Open","project_id":"61be43cfb8d211fdfbdb4eb9","updatedAt":"2021-12-18T20:33:16.733Z","user_id":"61a68953f9163356a38c61bf"},"service":"section-service"}
{"level":"info","message":{"_id":"61be45931f0da0cba862fb99","createdAt":"2021-12-18T20:33:23.126Z","name":"Pending","project_id":"61be43cfb8d211fdfbdb4eb9","updatedAt":"2021-12-18T20:33:23.126Z","user_id":"61a68953f9163356a38c61bf"},"service":"section-service"}
{"level":"info","message":{"_id":"61be45971f0da0cba862fb9b","createdAt":"2021-12-18T20:33:27.530Z","name":"Completed","project_id":"61be43cfb8d211fdfbdb4eb9","updatedAt":"2021-12-18T20:33:27.530Z","user_id":"61a68953f9163356a38c61bf"},"service":"section-service"}
{"level":"info","message":{"_id":"61be45e11f0da0cba862fba0","createdAt":"2021-12-18T20:34:41.165Z","name":"In Progress","project_id":"61be43cfb8d211fdfbdb4eb9","updatedAt":"2021-12-18T20:34:41.165Z","user_id":"61a68953f9163356a38c61bf"},"service":"section-service"}
{"level":"info","message":{"_id":"61d4b5631846411389680178","createdAt":"2022-01-04T21:00:19.321Z","name":"Project Deneme","updatedAt":"2022-01-04T21:00:19.321Z","user_id":"61a68953f9163356a38c61bf"},"service":"project-service"}
{"level":"info","message":{"_id":"61d4bd61b2299595d1b71c61","createdAt":"2022-01-04T21:34:25.039Z","name":"In Progress","project_id":"61be43cfb8d211fdfbdb4eb9","updatedAt":"2022-01-04T21:34:25.039Z","user_id":"61a68953f9163356a38c61bf"},"service":"section-service"}
{"level":"info","message":{"_id":"61d5eaa2d6c906f9c3a51a73","createdAt":"2022-01-05T18:59:46.046Z","updatedAt":"2022-01-05T18:59:46.046Z"},"service":"section-service"}
